<?xml version="1.0" encoding="UTF-8"?>
<testsuite xmlns:xsi="http://www.w3.org/2001/XMLSchema-instance" xsi:noNamespaceSchemaLocation="https://maven.apache.org/surefire/maven-surefire-plugin/xsd/surefire-test-report.xsd" name="de.fh.albsig.hafnerm1.weatherapp.WeatherTest" time="0.403" tests="3" errors="0" skipped="0" failures="0">
  <properties>
[...]
</properties>
  <testcase name="OWMRetrieverTest" classname="de.fh.albsig.hafnerm1.weatherapp.WeatherTest" time="0.204"/>
  <testcase name="FormatterTest" classname="de.fh.albsig.hafnerm1.weatherapp.WeatherTest" time="0.025"/>
  <testcase name="KelvinCelsiusTest" classname="de.fh.albsig.hafnerm1.weatherapp.WeatherTest" time="0.002"/>
</testsuite>